This is pdfTeX, Version 3.1415926-2.5-1.40.14 (TeX Live 2013) (format=pdflatex 2013.10.9)  1 APR 2014 03:18
entering extended mode
 restricted \write18 enabled.
 %&-line parsing enabled.
**Report.tex
(./Report.tex
LaTeX2e <2011/06/27>
Babel <3.9f> and hyphenation patterns for 78 languages loaded.
(/usr/local/texlive/2013/texmf-dist/tex/latex/base/report.cls
Document Class: report 2007/10/19 v1.4h Standard LaTeX document class
(/usr/local/texlive/2013/texmf-dist/tex/latex/base/size12.clo
File: size12.clo 2007/10/19 v1.4h Standard LaTeX file (size option)
)
\c@part=\count79
\c@chapter=\count80
\c@section=\count81
\c@subsection=\count82
\c@subsubsection=\count83
\c@paragraph=\count84
\c@subparagraph=\count85
\c@figure=\count86
\c@table=\count87
\abovecaptionskip=\skip41
\belowcaptionskip=\skip42
\bibindent=\dimen102
)
(/usr/local/texlive/2013/texmf-dist/tex/latex/setspace/setspace.sty
Package: setspace 2011/12/19 v6.7a set line spacing
)
(/usr/local/texlive/2013/texmf-dist/tex/generic/babel/babel.sty
Package: babel 2013/12/03 3.9h The Babel package

(/usr/local/texlive/2013/texmf-dist/tex/generic/babel/switch.def
File: switch.def 2013/12/03 3.9h Babel switching mechanism
)
(/usr/local/texlive/2013/texmf-dist/tex/generic/babel-english/english.ldf
Language: english 2012/08/20 v3.3p English support from the babel system

(/usr/local/texlive/2013/texmf-dist/tex/generic/babel/babel.def
File: babel.def 2013/12/03 3.9h Babel common definitions
\babel@savecnt=\count88
\U@D=\dimen103
)
\l@canadian = a dialect from \language\l@american 
\l@australian = a dialect from \language\l@british 
\l@newzealand = a dialect from \language\l@british 
))
(/usr/local/texlive/2013/texmf-dist/tex/latex/graphics/graphicx.sty
Package: graphicx 1999/02/16 v1.0f Enhanced LaTeX Graphics (DPC,SPQR)

(/usr/local/texlive/2013/texmf-dist/tex/latex/graphics/keyval.sty
Package: keyval 1999/03/16 v1.13 key=value parser (DPC)
\KV@toks@=\toks14
)
(/usr/local/texlive/2013/texmf-dist/tex/latex/graphics/graphics.sty
Package: graphics 2009/02/05 v1.0o Standard LaTeX Graphics (DPC,SPQR)

(/usr/local/texlive/2013/texmf-dist/tex/latex/graphics/trig.sty
Package: trig 1999/03/16 v1.09 sin cos tan (DPC)
)
(/usr/local/texlive/2013/texmf-dist/tex/latex/latexconfig/graphics.cfg
File: graphics.cfg 2010/04/23 v1.9 graphics configuration of TeX Live
)
Package graphics Info: Driver file: pdftex.def on input line 91.

(/usr/local/texlive/2013/texmf-dist/tex/latex/pdftex-def/pdftex.def
File: pdftex.def 2011/05/27 v0.06d Graphics/color for pdfTeX

(/usr/local/texlive/2013/texmf-dist/tex/generic/oberdiek/infwarerr.sty
Package: infwarerr 2010/04/08 v1.3 Providing info/warning/error messages (HO)
)
(/usr/local/texlive/2013/texmf-dist/tex/generic/oberdiek/ltxcmds.sty
Package: ltxcmds 2011/11/09 v1.22 LaTeX kernel commands for general use (HO)
)
\Gread@gobject=\count89
))
\Gin@req@height=\dimen104
\Gin@req@width=\dimen105
)
(/usr/local/texlive/2013/texmf-dist/tex/latex/caption/caption.sty
Package: caption 2013/05/02 v3.3-89 Customizing captions (AR)

(/usr/local/texlive/2013/texmf-dist/tex/latex/caption/caption3.sty
Package: caption3 2013/05/02 v1.6-88 caption3 kernel (AR)
Package caption3 Info: TeX engine: e-TeX on input line 57.
\captionmargin=\dimen106
\captionmargin@=\dimen107
\captionwidth=\dimen108
\caption@tempdima=\dimen109
\caption@indent=\dimen110
\caption@parindent=\dimen111
\caption@hangindent=\dimen112
)
\c@ContinuedFloat=\count90
)
(/usr/local/texlive/2013/texmf-dist/tex/latex/caption/subcaption.sty
Package: subcaption 2013/02/03 v1.1-62 Sub-captions (AR)
\c@subfigure=\count91
\c@subtable=\count92
)
(/usr/local/texlive/2013/texmf-dist/tex/latex/float/float.sty
Package: float 2001/11/08 v1.3d Float enhancements (AL)
\c@float@type=\count93
\float@exts=\toks15
\float@box=\box26
\@float@everytoks=\toks16
\@floatcapt=\box27
)
(/usr/local/texlive/2013/texmf-dist/tex/latex/tools/multicol.sty
Package: multicol 2011/06/27 v1.7a multicolumn formatting (FMi)
\c@tracingmulticols=\count94
\mult@box=\box28
\multicol@leftmargin=\dimen113
\c@unbalance=\count95
\c@collectmore=\count96
\doublecol@number=\count97
\multicoltolerance=\count98
\multicolpretolerance=\count99
\full@width=\dimen114
\page@free=\dimen115
\premulticols=\dimen116
\postmulticols=\dimen117
\multicolsep=\skip43
\multicolbaselineskip=\skip44
\partial@page=\box29
\last@line=\box30
\mult@rightbox=\box31
\mult@grightbox=\box32
\mult@gfirstbox=\box33
\mult@firstbox=\box34
\@tempa=\box35
\@tempa=\box36
\@tempa=\box37
\@tempa=\box38
\@tempa=\box39
\@tempa=\box40
\@tempa=\box41
\@tempa=\box42
\@tempa=\box43
\@tempa=\box44
\@tempa=\box45
\@tempa=\box46
\@tempa=\box47
\@tempa=\box48
\@tempa=\box49
\@tempa=\box50
\@tempa=\box51
\c@columnbadness=\count100
\c@finalcolumnbadness=\count101
\last@try=\dimen118
\multicolovershoot=\dimen119
\multicolundershoot=\dimen120
\mult@nat@firstbox=\box52
\colbreak@box=\box53
\multicol@sort@counter=\count102
)
(/usr/local/texlive/2013/texmf-dist/tex/latex/acronym/acronym.sty
Package: acronym 2012/10/29 v1.38 Support for acronyms (Tobias Oetiker)

(/usr/local/texlive/2013/texmf-dist/tex/latex/bigfoot/suffix.sty
Package: suffix 2006/07/15 1.5 Variant command support
)
(/usr/local/texlive/2013/texmf-dist/tex/generic/xstring/xstring.sty
(/usr/local/texlive/2013/texmf-dist/tex/generic/xstring/xstring.tex
\@xs@message=\write3
\integerpart=\count103
\decimalpart=\count104
)
Package: xstring 2013/10/13  v1.7c  String manipulations (C Tellechea)
)
\AC@clearlist=\toks17
)
(/usr/local/texlive/2013/texmf-dist/tex/latex/appendix/appendix.sty
Package: appendix 2009/09/02 v1.2b extra appendix facilities
\c@@pps=\count105
\c@@ppsavesec=\count106
\c@@ppsaveapp=\count107
)
(/usr/local/texlive/2013/texmf-dist/tex/latex/amsmath/amsmath.sty
Package: amsmath 2013/01/14 v2.14 AMS math features
\@mathmargin=\skip45

For additional information on amsmath, use the `?' option.
(/usr/local/texlive/2013/texmf-dist/tex/latex/amsmath/amstext.sty
Package: amstext 2000/06/29 v2.01

(/usr/local/texlive/2013/texmf-dist/tex/latex/amsmath/amsgen.sty
File: amsgen.sty 1999/11/30 v2.0
\@emptytoks=\toks18
\ex@=\dimen121
))
(/usr/local/texlive/2013/texmf-dist/tex/latex/amsmath/amsbsy.sty
Package: amsbsy 1999/11/29 v1.2d
\pmbraise@=\dimen122
)
(/usr/local/texlive/2013/texmf-dist/tex/latex/amsmath/amsopn.sty
Package: amsopn 1999/12/14 v2.01 operator names
)
\inf@bad=\count108
LaTeX Info: Redefining \frac on input line 210.
\uproot@=\count109
\leftroot@=\count110
LaTeX Info: Redefining \overline on input line 306.
\classnum@=\count111
\DOTSCASE@=\count112
LaTeX Info: Redefining \ldots on input line 378.
LaTeX Info: Redefining \dots on input line 381.
LaTeX Info: Redefining \cdots on input line 466.
\Mathstrutbox@=\box54
\strutbox@=\box55
\big@size=\dimen123
LaTeX Font Info:    Redeclaring font encoding OML on input line 566.
LaTeX Font Info:    Redeclaring font encoding OMS on input line 567.
\macc@depth=\count113
\c@MaxMatrixCols=\count114
\dotsspace@=\muskip10
\c@parentequation=\count115
\dspbrk@lvl=\count116
\tag@help=\toks19
\row@=\count117
\column@=\count118
\maxfields@=\count119
\andhelp@=\toks20
\eqnshift@=\dimen124
\alignsep@=\dimen125
\tagshift@=\dimen126
\tagwidth@=\dimen127
\totwidth@=\dimen128
\lineht@=\dimen129
\@envbody=\toks21
\multlinegap=\skip46
\multlinetaggap=\skip47
\mathdisplay@stack=\toks22
LaTeX Info: Redefining \[ on input line 2665.
LaTeX Info: Redefining \] on input line 2666.
)
(/usr/local/texlive/2013/texmf-dist/tex/latex/listings/listings.sty
\lst@mode=\count120
\lst@gtempboxa=\box56
\lst@token=\toks23
\lst@length=\count121
\lst@currlwidth=\dimen130
\lst@column=\count122
\lst@pos=\count123
\lst@lostspace=\dimen131
\lst@width=\dimen132
\lst@newlines=\count124
\lst@lineno=\count125
\lst@maxwidth=\dimen133

(/usr/local/texlive/2013/texmf-dist/tex/latex/listings/lstmisc.sty
File: lstmisc.sty 2013/08/26 1.5b (Carsten Heinz)
\c@lstnumber=\count126
\lst@skipnumbers=\count127
\lst@framebox=\box57
)
(/usr/local/texlive/2013/texmf-dist/tex/latex/listings/listings.cfg
File: listings.cfg 2013/08/26 1.5b listings configuration
))
Package: listings 2013/08/26 1.5b (Carsten Heinz)

(/usr/local/texlive/2013/texmf-dist/tex/latex/graphics/color.sty
Package: color 2005/11/14 v1.0j Standard LaTeX Color (DPC)

(/usr/local/texlive/2013/texmf-dist/tex/latex/latexconfig/color.cfg
File: color.cfg 2007/01/18 v1.5 color configuration of teTeX/TeXLive
)
Package color Info: Driver file: pdftex.def on input line 130.
)
(/usr/local/texlive/2013/texmf-dist/tex/latex/listings/lstlang1.sty
File: lstlang1.sty 2013/08/26 1.5b listings language file
)
(/usr/local/texlive/2013/texmf-dist/tex/latex/listings/lstlang1.sty
File: lstlang1.sty 2013/08/26 1.5b listings language file
)
(/usr/local/texlive/2013/texmf-dist/tex/latex/listings/lstmisc.sty
File: lstmisc.sty 2013/08/26 1.5b (Carsten Heinz)
)
(/usr/local/texlive/2013/texmf-dist/tex/latex/geometry/geometry.sty
Package: geometry 2010/09/12 v5.6 Page Geometry

(/usr/local/texlive/2013/texmf-dist/tex/generic/oberdiek/ifpdf.sty
Package: ifpdf 2011/01/30 v2.3 Provides the ifpdf switch (HO)
Package ifpdf Info: pdfTeX in PDF mode is detected.
)
(/usr/local/texlive/2013/texmf-dist/tex/generic/oberdiek/ifvtex.sty
Package: ifvtex 2010/03/01 v1.5 Detect VTeX and its facilities (HO)
Package ifvtex Info: VTeX not detected.
)
(/usr/local/texlive/2013/texmf-dist/tex/generic/ifxetex/ifxetex.sty
Package: ifxetex 2010/09/12 v0.6 Provides ifxetex conditional
)
\Gm@cnth=\count128
\Gm@cntv=\count129
\c@Gm@tempcnt=\count130
\Gm@bindingoffset=\dimen134
\Gm@wd@mp=\dimen135
\Gm@odd@mp=\dimen136
\Gm@even@mp=\dimen137
\Gm@layoutwidth=\dimen138
\Gm@layoutheight=\dimen139
\Gm@layouthoffset=\dimen140
\Gm@layoutvoffset=\dimen141
\Gm@dimlist=\toks24
)
(./Report.aux)
\openout1 = `Report.aux'.

LaTeX Font Info:    Checking defaults for OML/cmm/m/it on input line 61.
LaTeX Font Info:    ... okay on input line 61.
LaTeX Font Info:    Checking defaults for T1/cmr/m/n on input line 61.
LaTeX Font Info:    ... okay on input line 61.
LaTeX Font Info:    Checking defaults for OT1/cmr/m/n on input line 61.
LaTeX Font Info:    ... okay on input line 61.
LaTeX Font Info:    Checking defaults for OMS/cmsy/m/n on input line 61.
LaTeX Font Info:    ... okay on input line 61.
LaTeX Font Info:    Checking defaults for OMX/cmex/m/n on input line 61.
LaTeX Font Info:    ... okay on input line 61.
LaTeX Font Info:    Checking defaults for U/cmr/m/n on input line 61.
LaTeX Font Info:    ... okay on input line 61.

(/usr/local/texlive/2013/texmf-dist/tex/context/base/supp-pdf.mkii
[Loading MPS to PDF converter (version 2006.09.02).]
\scratchcounter=\count131
\scratchdimen=\dimen142
\scratchbox=\box58
\nofMPsegments=\count132
\nofMParguments=\count133
\everyMPshowfont=\toks25
\MPscratchCnt=\count134
\MPscratchDim=\dimen143
\MPnumerator=\count135
\makeMPintoPDFobject=\count136
\everyMPtoPDFconversion=\toks26
) (/usr/local/texlive/2013/texmf-dist/tex/generic/oberdiek/pdftexcmds.sty
Package: pdftexcmds 2011/11/29 v0.20 Utility functions of pdfTeX for LuaTeX (HO
)

(/usr/local/texlive/2013/texmf-dist/tex/generic/oberdiek/ifluatex.sty
Package: ifluatex 2010/03/01 v1.3 Provides the ifluatex switch (HO)
Package ifluatex Info: LuaTeX not detected.
)
Package pdftexcmds Info: LuaTeX not detected.
Package pdftexcmds Info: \pdf@primitive is available.
Package pdftexcmds Info: \pdf@ifprimitive is available.
Package pdftexcmds Info: \pdfdraftmode found.
)
(/usr/local/texlive/2013/texmf-dist/tex/latex/oberdiek/epstopdf-base.sty
Package: epstopdf-base 2010/02/09 v2.5 Base part for package epstopdf

(/usr/local/texlive/2013/texmf-dist/tex/latex/oberdiek/grfext.sty
Package: grfext 2010/08/19 v1.1 Manage graphics extensions (HO)

(/usr/local/texlive/2013/texmf-dist/tex/generic/oberdiek/kvdefinekeys.sty
Package: kvdefinekeys 2011/04/07 v1.3 Define keys (HO)
))
(/usr/local/texlive/2013/texmf-dist/tex/latex/oberdiek/kvoptions.sty
Package: kvoptions 2011/06/30 v3.11 Key value format for package options (HO)

(/usr/local/texlive/2013/texmf-dist/tex/generic/oberdiek/kvsetkeys.sty
Package: kvsetkeys 2012/04/25 v1.16 Key value parser (HO)

(/usr/local/texlive/2013/texmf-dist/tex/generic/oberdiek/etexcmds.sty
Package: etexcmds 2011/02/16 v1.5 Avoid name clashes with e-TeX commands (HO)
Package etexcmds Info: Could not find \expanded.
(etexcmds)             That can mean that you are not using pdfTeX 1.50 or
(etexcmds)             that some package has redefined \expanded.
(etexcmds)             In the latter case, load this package earlier.
)))
Package grfext Info: Graphics extension search list:
(grfext)             [.png,.pdf,.jpg,.mps,.jpeg,.jbig2,.jb2,.PNG,.PDF,.JPG,.JPE
G,.JBIG2,.JB2,.eps]
(grfext)             \AppendGraphicsExtensions on input line 452.

(/usr/local/texlive/2013/texmf-dist/tex/latex/latexconfig/epstopdf-sys.cfg
File: epstopdf-sys.cfg 2010/07/13 v1.3 Configuration of (r)epstopdf for TeX Liv
e
))
Package caption Info: Begin \AtBeginDocument code.
Package caption Info: float package is loaded.
Package caption Info: listings package is loaded.
Package caption Info: End \AtBeginDocument code.
\c@lstlisting=\count137

*geometry* driver: auto-detecting
*geometry* detected driver: pdftex
*geometry* verbose mode - [ preamble ] result:
* driver: pdftex
* paper: a4paper
* layout: <same size as paper>
* layoutoffset:(h,v)=(0.0pt,0.0pt)
* modes: 
* h-part:(L,W,R)=(113.81102pt, 412.56497pt, 71.13188pt)
* v-part:(T,H,B)=(71.13188pt, 702.78308pt, 71.13188pt)
* \paperwidth=597.50787pt
* \paperheight=845.04684pt
* \textwidth=412.56497pt
* \textheight=702.78308pt
* \oddsidemargin=41.54103pt
* \evensidemargin=41.54103pt
* \topmargin=-38.1381pt
* \headheight=12.0pt
* \headsep=25.0pt
* \topskip=12.0pt
* \footskip=30.0pt
* \marginparwidth=44.0pt
* \marginparsep=10.0pt
* \columnsep=10.0pt
* \skip\footins=10.8pt plus 4.0pt minus 2.0pt
* \hoffset=0.0pt
* \voffset=0.0pt
* \mag=1000
* \@twocolumnfalse
* \@twosidefalse
* \@mparswitchfalse
* \@reversemarginfalse
* (1in=72.27pt=25.4mm, 1cm=28.453pt)

[1

{/usr/local/texlive/2013/texmf-var/fonts/map/pdftex/updmap/pdftex.map}]
(./chapters/declare.tex) [1] (./chapters/abstract.tex
Package acronym Info: Label `acro:QoS' newly defined as it shall be overridden
although it is yet undefined on input line 3.
Package acronym Info: Label `acro:TTT' newly defined as it shall be overridden
although it is yet undefined on input line 5.
Package acronym Info: Label `acro:hys' newly defined as it shall be overridden
although it is yet undefined on input line 5.
) [2

] (./chapters/ack.tex) [3

] (./Report.toc [4

])
\tf@toc=\write4
\openout4 = `Report.toc'.

 [5] (./acro.tex [6

]) [7] (./Report.lof [8

])
\tf@lof=\write5
\openout5 = `Report.lof'.

 [9]
(./Report.lot)
\tf@lot=\write6
\openout6 = `Report.lot'.

 [10

] (./chapters/intro.tex
Chapter 1.
) (./chapters/lte.tex [1

]
Chapter 2.
Package acronym Info: Label `acro:4G' newly defined as it shall be overridden
although it is yet undefined on input line 2.
Package acronym Info: Label `acro:LTE' newly defined as it shall be overridden
although it is yet undefined on input line 2.
Package acronym Info: Label `acro:UMTS' newly defined as it shall be overridden

although it is yet undefined on input line 2.
Package acronym Info: Label `acro:3G' newly defined as it shall be overridden
although it is yet undefined on input line 2.
Package acronym Info: Label `acro:DL' newly defined as it shall be overridden
although it is yet undefined on input line 2.
Package acronym Info: Label `acro:UL' newly defined as it shall be overridden
although it is yet undefined on input line 2.
Package acronym Info: Label `acro:UE' newly defined as it shall be overridden
although it is yet undefined on input line 5.
Package acronym Info: Label `acro:E-UTRAN' newly defined as it shall be overrid
den
although it is yet undefined on input line 5.
Package acronym Info: Label `acro:EPC' newly defined as it shall be overridden
although it is yet undefined on input line 5.
Package acronym Info: Label `acro:eNodeB' newly defined as it shall be overridd
en
although it is yet undefined on input line 5.
[2

]
Package acronym Info: Label `acro:MME' newly defined as it shall be overridden
although it is yet undefined on input line 9.
Package acronym Info: Label `acro:HSS' newly defined as it shall be overridden
although it is yet undefined on input line 9.
Package acronym Info: Label `acro:P-GW' newly defined as it shall be overridden

although it is yet undefined on input line 9.
Package acronym Info: Label `acro:S-GW' newly defined as it shall be overridden

although it is yet undefined on input line 9.
LaTeX Font Info:    Try loading font information for OMS+cmr on input line 21.
 (/usr/local/texlive/2013/texmf-dist/tex/latex/base/omscmr.fd
File: omscmr.fd 1999/05/25 v2.5h Standard LaTeX font definitions
)
LaTeX Font Info:    Font shape `OMS/cmr/m/n' in size <12> not available
(Font)              Font shape `OMS/cmsy/m/n' tried instead on input line 21.
Package acronym Info: Label `acro:QoS' overridden on input line 29.
 [3]
Package acronym Info: Label `acro:TTT' overridden on input line 32.
Package acronym Info: Label `acro:hys' overridden on input line 32.
Package acronym Info: Label `acro:RSS' newly defined as it shall be overridden
although it is yet undefined on input line 32.
Package acronym Info: Label `acro:dB' newly defined as it shall be overridden
although it is yet undefined on input line 32.
 [4]
[5] <figures/lte/TTTgraph.jpg, id=59, 678.535pt x 340.27126pt>
File: figures/lte/TTTgraph.jpg Graphic file (type jpg)

<use figures/lte/TTTgraph.jpg>
Package pdftex.def Info: figures/lte/TTTgraph.jpg used on input line 99.
(pdftex.def)             Requested size: 206.28249pt x 103.44249pt.
Package acronym Info: Label `acro:PCell' newly defined as it shall be overridde
n
although it is yet undefined on input line 117.
Package acronym Info: Label `acro:SCell' newly defined as it shall be overridde
n
although it is yet undefined on input line 120.
 [6 <./figures/lte/TTTgraph.jpg>]
Missing character: There is no â in font cmr12!
Missing character: There is no € in font cmr12!
Missing character: There is no ™ in font cmr12!
 [7])
(./chapters/machine_learning.tex [8]
Chapter 3.
Package acronym Info: Label `acro:AI' newly defined as it shall be overridden
although it is yet undefined on input line 2.
[9

] [10] [11]
<figures/machine_learning/q-learning.jpg, id=82, 466.74374pt x 405.515pt>
File: figures/machine_learning/q-learning.jpg Graphic file (type jpg)

<use figures/machine_learning/q-learning.jpg>
Package pdftex.def Info: figures/machine_learning/q-learning.jpg used on input 
line 59.
(pdftex.def)             Requested size: 206.28249pt x 179.21916pt.
) (./chapters/simulation.tex
[12 <./figures/machine_learning/q-learning.jpg>]
Chapter 4.
Package acronym Info: Label `acro:DES' newly defined as it shall be overridden
although it is yet undefined on input line 8.
[13

] [14]
Missing character: There is no â in font cmr12!
Missing character: There is no € in font cmr12!
Missing character: There is no ™ in font cmr12!
 [15] [16]) (./chapters/hand_opt.tex [17]
Chapter 5.
[18

]
Missing character: There is no â in font cmr12!
Missing character: There is no € in font cmr12!
Missing character: There is no “ in font cmr12!
 [19] [20]
Package epstopdf Info: Source file: <figures/walking_figures/high/long_drop.eps
>
(epstopdf)                    date: 2014-03-31 14:41:32
(epstopdf)                    size: 15480 bytes
(epstopdf)             Output file: <figures/walking_figures/high/long_drop-eps
-converted-to.pdf>
(epstopdf)                    date: 2014-03-31 15:48:46
(epstopdf)                    size: 12169 bytes
(epstopdf)             Command: <repstopdf --outfile=figures/walking_figures/hi
gh/long_drop-eps-converted-to.pdf figures/walking_figures/high/long_drop.eps>
(epstopdf)             \includegraphics on input line 50.
Package epstopdf Info: Output file is already uptodate.

<figures/walking_figures/high/long_drop-eps-converted-to.pdf, id=114, 620.3175p
t x 450.68375pt>
File: figures/walking_figures/high/long_drop-eps-converted-to.pdf Graphic file 
(type pdf)

<use figures/walking_figures/high/long_drop-eps-converted-to.pdf>
Package pdftex.def Info: figures/walking_figures/high/long_drop-eps-converted-t
o.pdf used on input line 50.
(pdftex.def)             Requested size: 309.42372pt x 224.80492pt.
Package epstopdf Info: Source file: <figures/walking_figures/high/long_ttt.eps>

(epstopdf)                    date: 2014-03-31 15:31:42
(epstopdf)                    size: 13416 bytes
(epstopdf)             Output file: <figures/walking_figures/high/long_ttt-eps-
converted-to.pdf>
(epstopdf)                    date: 2014-03-31 15:55:12
(epstopdf)                    size: 8711 bytes
(epstopdf)             Command: <repstopdf --outfile=figures/walking_figures/hi
gh/long_ttt-eps-converted-to.pdf figures/walking_figures/high/long_ttt.eps>
(epstopdf)             \includegraphics on input line 60.
Package epstopdf Info: Output file is already uptodate.

<figures/walking_figures/high/long_ttt-eps-converted-to.pdf, id=115, 620.3175pt
 x 483.8075pt>
File: figures/walking_figures/high/long_ttt-eps-converted-to.pdf Graphic file (
type pdf)

<use figures/walking_figures/high/long_ttt-eps-converted-to.pdf>
Package pdftex.def Info: figures/walking_figures/high/long_ttt-eps-converted-to
.pdf used on input line 60.
(pdftex.def)             Requested size: 202.15909pt x 157.67113pt.
Package epstopdf Info: Source file: <figures/walking_figures/high/long_hys.eps>

(epstopdf)                    date: 2014-03-31 15:27:20
(epstopdf)                    size: 13426 bytes
(epstopdf)             Output file: <figures/walking_figures/high/long_hys-eps-
converted-to.pdf>
(epstopdf)                    date: 2014-03-31 15:57:46
(epstopdf)                    size: 8684 bytes
(epstopdf)             Command: <repstopdf --outfile=figures/walking_figures/hi
gh/long_hys-eps-converted-to.pdf figures/walking_figures/high/long_hys.eps>
(epstopdf)             \includegraphics on input line 67.
Package epstopdf Info: Output file is already uptodate.

<figures/walking_figures/high/long_hys-eps-converted-to.pdf, id=116, 620.3175pt
 x 480.79625pt>
File: figures/walking_figures/high/long_hys-eps-converted-to.pdf Graphic file (
type pdf)

<use figures/walking_figures/high/long_hys-eps-converted-to.pdf>
Package pdftex.def Info: figures/walking_figures/high/long_hys-eps-converted-to
.pdf used on input line 67.
(pdftex.def)             Requested size: 202.15909pt x 156.68976pt.
 [21 <./figures/walking_figures/high/long_drop-eps-converted-to.pdf>]
Package epstopdf Info: Source file: <figures/walking_figures/mid/long_drop.eps>

(epstopdf)                    date: 2014-03-31 14:42:16
(epstopdf)                    size: 16809 bytes
(epstopdf)             Output file: <figures/walking_figures/mid/long_drop-eps-
converted-to.pdf>
(epstopdf)                    date: 2014-03-31 16:47:32
(epstopdf)                    size: 14128 bytes
(epstopdf)             Command: <repstopdf --outfile=figures/walking_figures/mi
d/long_drop-eps-converted-to.pdf figures/walking_figures/mid/long_drop.eps>
(epstopdf)             \includegraphics on input line 77.
Package epstopdf Info: Output file is already uptodate.

<figures/walking_figures/mid/long_drop-eps-converted-to.pdf, id=126, 620.3175pt
 x 450.68375pt>
File: figures/walking_figures/mid/long_drop-eps-converted-to.pdf Graphic file (
type pdf)

<use figures/walking_figures/mid/long_drop-eps-converted-to.pdf>
Package pdftex.def Info: figures/walking_figures/mid/long_drop-eps-converted-to
.pdf used on input line 77.
(pdftex.def)             Requested size: 309.42372pt x 224.80492pt.
 [22 <./figures/walking_figures/high/long_ttt-eps-converted-to.pdf> <./figures/
walking_figures/high/long_hys-eps-converted-to.pdf>]
Package epstopdf Info: Source file: <figures/walking_figures/mid/long_ttt.eps>
(epstopdf)                    date: 2014-03-31 15:23:40
(epstopdf)                    size: 12156 bytes
(epstopdf)             Output file: <figures/walking_figures/mid/long_ttt-eps-c
onverted-to.pdf>
(epstopdf)                    date: 2014-03-31 16:47:33
(epstopdf)                    size: 8100 bytes
(epstopdf)             Command: <repstopdf --outfile=figures/walking_figures/mi
d/long_ttt-eps-converted-to.pdf figures/walking_figures/mid/long_ttt.eps>
(epstopdf)             \includegraphics on input line 86.
Package epstopdf Info: Output file is already uptodate.

<figures/walking_figures/mid/long_ttt-eps-converted-to.pdf, id=141, 620.3175pt 
x 474.77374pt>
File: figures/walking_figures/mid/long_ttt-eps-converted-to.pdf Graphic file (t
ype pdf)
 <use figures/walking_figures/mid/long_ttt-eps-converted-to.pdf>
Package pdftex.def Info: figures/walking_figures/mid/long_ttt-eps-converted-to.
pdf used on input line 86.
(pdftex.def)             Requested size: 202.15909pt x 154.72705pt.
Package epstopdf Info: Source file: <figures/walking_figures/mid/long_hys.eps>
(epstopdf)                    date: 2014-03-31 15:23:18
(epstopdf)                    size: 12309 bytes
(epstopdf)             Output file: <figures/walking_figures/mid/long_hys-eps-c
onverted-to.pdf>
(epstopdf)                    date: 2014-03-31 16:47:35
(epstopdf)                    size: 8321 bytes
(epstopdf)             Command: <repstopdf --outfile=figures/walking_figures/mi
d/long_hys-eps-converted-to.pdf figures/walking_figures/mid/long_hys.eps>
(epstopdf)             \includegraphics on input line 93.
Package epstopdf Info: Output file is already uptodate.

<figures/walking_figures/mid/long_hys-eps-converted-to.pdf, id=142, 620.3175pt 
x 474.77374pt>
File: figures/walking_figures/mid/long_hys-eps-converted-to.pdf Graphic file (t
ype pdf)
 <use figures/walking_figures/mid/long_hys-eps-converted-to.pdf>
Package pdftex.def Info: figures/walking_figures/mid/long_hys-eps-converted-to.
pdf used on input line 93.
(pdftex.def)             Requested size: 202.15909pt x 154.72705pt.
Package epstopdf Info: Source file: <figures/walking_figures/low/long_ping.eps>

(epstopdf)                    date: 2014-03-31 14:42:02
(epstopdf)                    size: 23989 bytes
(epstopdf)             Output file: <figures/walking_figures/low/long_ping-eps-
converted-to.pdf>
(epstopdf)                    date: 2014-03-31 16:52:30
(epstopdf)                    size: 20754 bytes
(epstopdf)             Command: <repstopdf --outfile=figures/walking_figures/lo
w/long_ping-eps-converted-to.pdf figures/walking_figures/low/long_ping.eps>
(epstopdf)             \includegraphics on input line 103.
Package epstopdf Info: Output file is already uptodate.

<figures/walking_figures/low/long_ping-eps-converted-to.pdf, id=143, 620.3175pt
 x 450.68375pt>
File: figures/walking_figures/low/long_ping-eps-converted-to.pdf Graphic file (
type pdf)

<use figures/walking_figures/low/long_ping-eps-converted-to.pdf>
Package pdftex.def Info: figures/walking_figures/low/long_ping-eps-converted-to
.pdf used on input line 103.
(pdftex.def)             Requested size: 309.42372pt x 224.80492pt.
 [23 <./figures/walking_figures/mid/long_drop-eps-converted-to.pdf> <./figures/
walking_figures/mid/long_ttt-eps-converted-to.pdf> <./figures/walking_figures/m
id/long_hys-eps-converted-to.pdf>]
Package epstopdf Info: Source file: <figures/walking_figures/low/long_ttt.eps>
(epstopdf)                    date: 2014-03-31 15:22:52
(epstopdf)                    size: 11342 bytes
(epstopdf)             Output file: <figures/walking_figures/low/long_ttt-eps-c
onverted-to.pdf>
(epstopdf)                    date: 2014-03-31 16:52:31
(epstopdf)                    size: 7742 bytes
(epstopdf)             Command: <repstopdf --outfile=figures/walking_figures/lo
w/long_ttt-eps-converted-to.pdf figures/walking_figures/low/long_ttt.eps>
(epstopdf)             \includegraphics on input line 112.
Package epstopdf Info: Output file is already uptodate.

<figures/walking_figures/low/long_ttt-eps-converted-to.pdf, id=163, 620.3175pt 
x 474.77374pt>
File: figures/walking_figures/low/long_ttt-eps-converted-to.pdf Graphic file (t
ype pdf)
 <use figures/walking_figures/low/long_ttt-eps-converted-to.pdf>
Package pdftex.def Info: figures/walking_figures/low/long_ttt-eps-converted-to.
pdf used on input line 112.
(pdftex.def)             Requested size: 202.15909pt x 154.72705pt.
Package epstopdf Info: Source file: <figures/walking_figures/low/long_hys.eps>
(epstopdf)                    date: 2014-03-31 15:22:28
(epstopdf)                    size: 11356 bytes
(epstopdf)             Output file: <figures/walking_figures/low/long_hys-eps-c
onverted-to.pdf>
(epstopdf)                    date: 2014-03-31 16:52:33
(epstopdf)                    size: 7907 bytes
(epstopdf)             Command: <repstopdf --outfile=figures/walking_figures/lo
w/long_hys-eps-converted-to.pdf figures/walking_figures/low/long_hys.eps>
(epstopdf)             \includegraphics on input line 119.
Package epstopdf Info: Output file is already uptodate.

<figures/walking_figures/low/long_hys-eps-converted-to.pdf, id=164, 620.3175pt 
x 474.77374pt>
File: figures/walking_figures/low/long_hys-eps-converted-to.pdf Graphic file (t
ype pdf)
 <use figures/walking_figures/low/long_hys-eps-converted-to.pdf>
Package pdftex.def Info: figures/walking_figures/low/long_hys-eps-converted-to.
pdf used on input line 119.
(pdftex.def)             Requested size: 202.15909pt x 154.72705pt.
Package epstopdf Info: Source file: <figures/walking_figures/highhys/long_drop.
eps>
(epstopdf)                    date: 2014-03-31 14:41:46
(epstopdf)                    size: 16258 bytes
(epstopdf)             Output file: <figures/walking_figures/highhys/long_drop-
eps-converted-to.pdf>
(epstopdf)                    date: 2014-03-31 16:53:18
(epstopdf)                    size: 13014 bytes
(epstopdf)             Command: <repstopdf --outfile=figures/walking_figures/hi
ghhys/long_drop-eps-converted-to.pdf figures/walking_figures/highhys/long_drop.
eps>
(epstopdf)             \includegraphics on input line 129.
Package epstopdf Info: Output file is already uptodate.

<figures/walking_figures/highhys/long_drop-eps-converted-to.pdf, id=165, 620.31
75pt x 450.68375pt>
File: figures/walking_figures/highhys/long_drop-eps-converted-to.pdf Graphic fi
le (type pdf)

<use figures/walking_figures/highhys/long_drop-eps-converted-to.pdf>
Package pdftex.def Info: figures/walking_figures/highhys/long_drop-eps-converte
d-to.pdf used on input line 129.
(pdftex.def)             Requested size: 309.42372pt x 224.80492pt.
 [24 <./figures/walking_figures/low/long_ping-eps-converted-to.pdf> <./figures/
walking_figures/low/long_ttt-eps-converted-to.pdf> <./figures/walking_figures/l
ow/long_hys-eps-converted-to.pdf>]
Package epstopdf Info: Source file: <figures/walking_figures/highhys/long_ttt.e
ps>
(epstopdf)                    date: 2014-03-31 15:21:58
(epstopdf)                    size: 12398 bytes
(epstopdf)             Output file: <figures/walking_figures/highhys/long_ttt-e
ps-converted-to.pdf>
(epstopdf)                    date: 2014-03-31 16:52:35
(epstopdf)                    size: 8238 bytes
(epstopdf)             Command: <repstopdf --outfile=figures/walking_figures/hi
ghhys/long_ttt-eps-converted-to.pdf figures/walking_figures/highhys/long_ttt.ep
s>
(epstopdf)             \includegraphics on input line 138.
Package epstopdf Info: Output file is already uptodate.

<figures/walking_figures/highhys/long_ttt-eps-converted-to.pdf, id=186, 620.317
5pt x 474.77374pt>
File: figures/walking_figures/highhys/long_ttt-eps-converted-to.pdf Graphic fil
e (type pdf)

<use figures/walking_figures/highhys/long_ttt-eps-converted-to.pdf>
Package pdftex.def Info: figures/walking_figures/highhys/long_ttt-eps-converted
-to.pdf used on input line 138.
(pdftex.def)             Requested size: 202.15909pt x 154.72705pt.
Package epstopdf Info: Source file: <figures/walking_figures/highhys/long_hys.e
ps>
(epstopdf)                    date: 2014-03-31 15:21:16
(epstopdf)                    size: 12870 bytes
(epstopdf)             Output file: <figures/walking_figures/highhys/long_hys-e
ps-converted-to.pdf>
(epstopdf)                    date: 2014-03-31 16:52:37
(epstopdf)                    size: 8456 bytes
(epstopdf)             Command: <repstopdf --outfile=figures/walking_figures/hi
ghhys/long_hys-eps-converted-to.pdf figures/walking_figures/highhys/long_hys.ep
s>
(epstopdf)             \includegraphics on input line 145.
Package epstopdf Info: Output file is already uptodate.

<figures/walking_figures/highhys/long_hys-eps-converted-to.pdf, id=187, 620.317
5pt x 474.77374pt>
File: figures/walking_figures/highhys/long_hys-eps-converted-to.pdf Graphic fil
e (type pdf)

<use figures/walking_figures/highhys/long_hys-eps-converted-to.pdf>
Package pdftex.def Info: figures/walking_figures/highhys/long_hys-eps-converted
-to.pdf used on input line 145.
(pdftex.def)             Requested size: 202.15909pt x 154.72705pt.
Package epstopdf Info: Source file: <figures/vehicle_figures/high/long_drop.eps
>
(epstopdf)                    date: 2014-03-31 14:35:50
(epstopdf)                    size: 58339 bytes
(epstopdf)             Output file: <figures/vehicle_figures/high/long_drop-eps
-converted-to.pdf>
(epstopdf)                    date: 2014-03-31 16:57:37
(epstopdf)                    size: 43253 bytes
(epstopdf)             Command: <repstopdf --outfile=figures/vehicle_figures/hi
gh/long_drop-eps-converted-to.pdf figures/vehicle_figures/high/long_drop.eps>
(epstopdf)             \includegraphics on input line 156.
Package epstopdf Info: Output file is already uptodate.

<figures/vehicle_figures/high/long_drop-eps-converted-to.pdf, id=188, 620.3175p
t x 450.68375pt>
File: figures/vehicle_figures/high/long_drop-eps-converted-to.pdf Graphic file 
(type pdf)

<use figures/vehicle_figures/high/long_drop-eps-converted-to.pdf>
Package pdftex.def Info: figures/vehicle_figures/high/long_drop-eps-converted-t
o.pdf used on input line 156.
(pdftex.def)             Requested size: 309.42372pt x 224.80492pt.
 [25 <./figures/walking_figures/highhys/long_drop-eps-converted-to.pdf> <./figu
res/walking_figures/highhys/long_ttt-eps-converted-to.pdf> <./figures/walking_f
igures/highhys/long_hys-eps-converted-to.pdf>]
Package epstopdf Info: Source file: <figures/vehicle_figures/high/long_ttt.eps>

(epstopdf)                    date: 2014-03-31 15:33:22
(epstopdf)                    size: 30134 bytes
(epstopdf)             Output file: <figures/vehicle_figures/high/long_ttt-eps-
converted-to.pdf>
(epstopdf)                    date: 2014-03-31 16:57:38
(epstopdf)                    size: 14256 bytes
(epstopdf)             Command: <repstopdf --outfile=figures/vehicle_figures/hi
gh/long_ttt-eps-converted-to.pdf figures/vehicle_figures/high/long_ttt.eps>
(epstopdf)             \includegraphics on input line 165.
Package epstopdf Info: Output file is already uptodate.

<figures/vehicle_figures/high/long_ttt-eps-converted-to.pdf, id=208, 620.3175pt
 x 483.8075pt>
File: figures/vehicle_figures/high/long_ttt-eps-converted-to.pdf Graphic file (
type pdf)

<use figures/vehicle_figures/high/long_ttt-eps-converted-to.pdf>
Package pdftex.def Info: figures/vehicle_figures/high/long_ttt-eps-converted-to
.pdf used on input line 165.
(pdftex.def)             Requested size: 202.15909pt x 157.67113pt.
Package epstopdf Info: Source file: <figures/vehicle_figures/high/long_hys.eps>

(epstopdf)                    date: 2014-03-31 15:32:46
(epstopdf)                    size: 26927 bytes
(epstopdf)             Output file: <figures/vehicle_figures/high/long_hys-eps-
converted-to.pdf>
(epstopdf)                    date: 2014-03-31 16:57:40
(epstopdf)                    size: 12687 bytes
(epstopdf)             Command: <repstopdf --outfile=figures/vehicle_figures/hi
gh/long_hys-eps-converted-to.pdf figures/vehicle_figures/high/long_hys.eps>
(epstopdf)             \includegraphics on input line 172.
Package epstopdf Info: Output file is already uptodate.

<figures/vehicle_figures/high/long_hys-eps-converted-to.pdf, id=209, 620.3175pt
 x 483.8075pt>
File: figures/vehicle_figures/high/long_hys-eps-converted-to.pdf Graphic file (
type pdf)

<use figures/vehicle_figures/high/long_hys-eps-converted-to.pdf>
Package pdftex.def Info: figures/vehicle_figures/high/long_hys-eps-converted-to
.pdf used on input line 172.
(pdftex.def)             Requested size: 202.15909pt x 157.67113pt.
Package epstopdf Info: Source file: <figures/vehicle_figures/mid/long_drop.eps>

(epstopdf)                    date: 2014-03-31 14:31:42
(epstopdf)                    size: 57887 bytes
(epstopdf)             Output file: <figures/vehicle_figures/mid/long_drop-eps-
converted-to.pdf>
(epstopdf)                    date: 2014-03-31 16:57:42
(epstopdf)                    size: 44612 bytes
(epstopdf)             Command: <repstopdf --outfile=figures/vehicle_figures/mi
d/long_drop-eps-converted-to.pdf figures/vehicle_figures/mid/long_drop.eps>
(epstopdf)             \includegraphics on input line 182.
Package epstopdf Info: Output file is already uptodate.

<figures/vehicle_figures/mid/long_drop-eps-converted-to.pdf, id=210, 620.3175pt
 x 450.68375pt>
File: figures/vehicle_figures/mid/long_drop-eps-converted-to.pdf Graphic file (
type pdf)

<use figures/vehicle_figures/mid/long_drop-eps-converted-to.pdf>
Package pdftex.def Info: figures/vehicle_figures/mid/long_drop-eps-converted-to
.pdf used on input line 182.
(pdftex.def)             Requested size: 309.42372pt x 224.80492pt.
 [26 <./figures/vehicle_figures/high/long_drop-eps-converted-to.pdf> <./figures
/vehicle_figures/high/long_ttt-eps-converted-to.pdf> <./figures/vehicle_figures
/high/long_hys-eps-converted-to.pdf>]
Package epstopdf Info: Source file: <figures/vehicle_figures/mid/long_ttt.eps>
(epstopdf)                    date: 2014-03-31 15:35:36
(epstopdf)                    size: 17974 bytes
(epstopdf)             Output file: <figures/vehicle_figures/mid/long_ttt-eps-c
onverted-to.pdf>
(epstopdf)                    date: 2014-03-31 16:57:43
(epstopdf)                    size: 10520 bytes
(epstopdf)             Command: <repstopdf --outfile=figures/vehicle_figures/mi
d/long_ttt-eps-converted-to.pdf figures/vehicle_figures/mid/long_ttt.eps>
(epstopdf)             \includegraphics on input line 191.
Package epstopdf Info: Output file is already uptodate.

<figures/vehicle_figures/mid/long_ttt-eps-converted-to.pdf, id=231, 620.3175pt 
x 483.8075pt>
File: figures/vehicle_figures/mid/long_ttt-eps-converted-to.pdf Graphic file (t
ype pdf)
 <use figures/vehicle_figures/mid/long_ttt-eps-converted-to.pdf>
Package pdftex.def Info: figures/vehicle_figures/mid/long_ttt-eps-converted-to.
pdf used on input line 191.
(pdftex.def)             Requested size: 202.15909pt x 157.67113pt.
Package epstopdf Info: Source file: <figures/vehicle_figures/mid/long_hys.eps>
(epstopdf)                    date: 2014-03-31 15:36:30
(epstopdf)                    size: 17767 bytes
(epstopdf)             Output file: <figures/vehicle_figures/mid/long_hys-eps-c
onverted-to.pdf>
(epstopdf)                    date: 2014-03-31 16:57:45
(epstopdf)                    size: 10170 bytes
(epstopdf)             Command: <repstopdf --outfile=figures/vehicle_figures/mi
d/long_hys-eps-converted-to.pdf figures/vehicle_figures/mid/long_hys.eps>
(epstopdf)             \includegraphics on input line 198.
Package epstopdf Info: Output file is already uptodate.

<figures/vehicle_figures/mid/long_hys-eps-converted-to.pdf, id=232, 620.3175pt 
x 483.8075pt>
File: figures/vehicle_figures/mid/long_hys-eps-converted-to.pdf Graphic file (t
ype pdf)
 <use figures/vehicle_figures/mid/long_hys-eps-converted-to.pdf>
Package pdftex.def Info: figures/vehicle_figures/mid/long_hys-eps-converted-to.
pdf used on input line 198.
(pdftex.def)             Requested size: 202.15909pt x 157.67113pt.
Package epstopdf Info: Source file: <figures/vehicle_figures/low/long_ping.eps>

(epstopdf)                    date: 2014-03-31 14:33:10
(epstopdf)                    size: 51776 bytes
(epstopdf)             Output file: <figures/vehicle_figures/low/long_ping-eps-
converted-to.pdf>
(epstopdf)                    date: 2014-03-31 16:57:46
(epstopdf)                    size: 32672 bytes
(epstopdf)             Command: <repstopdf --outfile=figures/vehicle_figures/lo
w/long_ping-eps-converted-to.pdf figures/vehicle_figures/low/long_ping.eps>
(epstopdf)             \includegraphics on input line 208.
Package epstopdf Info: Output file is already uptodate.

<figures/vehicle_figures/low/long_ping-eps-converted-to.pdf, id=233, 620.3175pt
 x 450.68375pt>
File: figures/vehicle_figures/low/long_ping-eps-converted-to.pdf Graphic file (
type pdf)

<use figures/vehicle_figures/low/long_ping-eps-converted-to.pdf>
Package pdftex.def Info: figures/vehicle_figures/low/long_ping-eps-converted-to
.pdf used on input line 208.
(pdftex.def)             Requested size: 309.42372pt x 224.80492pt.
 [27 <./figures/vehicle_figures/mid/long_drop-eps-converted-to.pdf> <./figures/
vehicle_figures/mid/long_ttt-eps-converted-to.pdf> <./figures/vehicle_figures/m
id/long_hys-eps-converted-to.pdf>]
Package epstopdf Info: Source file: <figures/vehicle_figures/low/long_ttt.eps>
(epstopdf)                    date: 2014-03-31 15:34:48
(epstopdf)                    size: 11379 bytes
(epstopdf)             Output file: <figures/vehicle_figures/low/long_ttt-eps-c
onverted-to.pdf>
(epstopdf)                    date: 2014-03-31 16:57:47
(epstopdf)                    size: 7648 bytes
(epstopdf)             Command: <repstopdf --outfile=figures/vehicle_figures/lo
w/long_ttt-eps-converted-to.pdf figures/vehicle_figures/low/long_ttt.eps>
(epstopdf)             \includegraphics on input line 217.
Package epstopdf Info: Output file is already uptodate.

<figures/vehicle_figures/low/long_ttt-eps-converted-to.pdf, id=253, 620.3175pt 
x 483.8075pt>
File: figures/vehicle_figures/low/long_ttt-eps-converted-to.pdf Graphic file (t
ype pdf)
 <use figures/vehicle_figures/low/long_ttt-eps-converted-to.pdf>
Package pdftex.def Info: figures/vehicle_figures/low/long_ttt-eps-converted-to.
pdf used on input line 217.
(pdftex.def)             Requested size: 202.15909pt x 157.67113pt.
Package epstopdf Info: Source file: <figures/vehicle_figures/low/long_hys.eps>
(epstopdf)                    date: 2014-03-31 15:35:14
(epstopdf)                    size: 11383 bytes
(epstopdf)             Output file: <figures/vehicle_figures/low/long_hys-eps-c
onverted-to.pdf>
(epstopdf)                    date: 2014-03-31 16:57:49
(epstopdf)                    size: 7732 bytes
(epstopdf)             Command: <repstopdf --outfile=figures/vehicle_figures/lo
w/long_hys-eps-converted-to.pdf figures/vehicle_figures/low/long_hys.eps>
(epstopdf)             \includegraphics on input line 224.
Package epstopdf Info: Output file is already uptodate.

<figures/vehicle_figures/low/long_hys-eps-converted-to.pdf, id=254, 620.3175pt 
x 483.8075pt>
File: figures/vehicle_figures/low/long_hys-eps-converted-to.pdf Graphic file (t
ype pdf)
 <use figures/vehicle_figures/low/long_hys-eps-converted-to.pdf>
Package pdftex.def Info: figures/vehicle_figures/low/long_hys-eps-converted-to.
pdf used on input line 224.
(pdftex.def)             Requested size: 202.15909pt x 157.67113pt.
Package epstopdf Info: Source file: <figures/vehicle_figures/highhys/long_drop.
eps>
(epstopdf)                    date: 2014-03-31 14:34:48
(epstopdf)                    size: 58569 bytes
(epstopdf)             Output file: <figures/vehicle_figures/highhys/long_drop-
eps-converted-to.pdf>
(epstopdf)                    date: 2014-03-31 16:57:50
(epstopdf)                    size: 43887 bytes
(epstopdf)             Command: <repstopdf --outfile=figures/vehicle_figures/hi
ghhys/long_drop-eps-converted-to.pdf figures/vehicle_figures/highhys/long_drop.
eps>
(epstopdf)             \includegraphics on input line 234.
Package epstopdf Info: Output file is already uptodate.

<figures/vehicle_figures/highhys/long_drop-eps-converted-to.pdf, id=255, 620.31
75pt x 450.68375pt>
File: figures/vehicle_figures/highhys/long_drop-eps-converted-to.pdf Graphic fi
le (type pdf)

<use figures/vehicle_figures/highhys/long_drop-eps-converted-to.pdf>
Package pdftex.def Info: figures/vehicle_figures/highhys/long_drop-eps-converte
d-to.pdf used on input line 234.
(pdftex.def)             Requested size: 309.42372pt x 224.80492pt.
 [28 <./figures/vehicle_figures/low/long_ping-eps-converted-to.pdf> <./figures/
vehicle_figures/low/long_ttt-eps-converted-to.pdf> <./figures/vehicle_figures/l
ow/long_hys-eps-converted-to.pdf>]
Package epstopdf Info: Source file: <figures/vehicle_figures/highhys/long_ttt.e
ps>
(epstopdf)                    date: 2014-03-31 15:33:50
(epstopdf)                    size: 25346 bytes
(epstopdf)             Output file: <figures/vehicle_figures/highhys/long_ttt-e
ps-converted-to.pdf>
(epstopdf)                    date: 2014-03-31 16:57:51
(epstopdf)                    size: 14174 bytes
(epstopdf)             Command: <repstopdf --outfile=figures/vehicle_figures/hi
ghhys/long_ttt-eps-converted-to.pdf figures/vehicle_figures/highhys/long_ttt.ep
s>
(epstopdf)             \includegraphics on input line 243.
Package epstopdf Info: Output file is already uptodate.

<figures/vehicle_figures/highhys/long_ttt-eps-converted-to.pdf, id=275, 620.317
5pt x 483.8075pt>
File: figures/vehicle_figures/highhys/long_ttt-eps-converted-to.pdf Graphic fil
e (type pdf)

<use figures/vehicle_figures/highhys/long_ttt-eps-converted-to.pdf>
Package pdftex.def Info: figures/vehicle_figures/highhys/long_ttt-eps-converted
-to.pdf used on input line 243.
(pdftex.def)             Requested size: 202.15909pt x 157.67113pt.
Package epstopdf Info: Source file: <figures/vehicle_figures/highhys/long_hys.e
ps>
(epstopdf)                    date: 2014-03-31 15:34:20
(epstopdf)                    size: 25681 bytes
(epstopdf)             Output file: <figures/vehicle_figures/highhys/long_hys-e
ps-converted-to.pdf>
(epstopdf)                    date: 2014-03-31 16:57:53
(epstopdf)                    size: 14783 bytes
(epstopdf)             Command: <repstopdf --outfile=figures/vehicle_figures/hi
ghhys/long_hys-eps-converted-to.pdf figures/vehicle_figures/highhys/long_hys.ep
s>
(epstopdf)             \includegraphics on input line 250.
Package epstopdf Info: Output file is already uptodate.

<figures/vehicle_figures/highhys/long_hys-eps-converted-to.pdf, id=276, 620.317
5pt x 483.8075pt>
File: figures/vehicle_figures/highhys/long_hys-eps-converted-to.pdf Graphic fil
e (type pdf)

<use figures/vehicle_figures/highhys/long_hys-eps-converted-to.pdf>
Package pdftex.def Info: figures/vehicle_figures/highhys/long_hys-eps-converted
-to.pdf used on input line 250.
(pdftex.def)             Requested size: 202.15909pt x 157.67113pt.
)
(./chapters/future.tex [29 <./figures/vehicle_figures/highhys/long_drop-eps-con
verted-to.pdf> <./figures/vehicle_figures/highhys/long_ttt-eps-converted-to.pdf
> <./figures/vehicle_figures/highhys/long_hys-eps-converted-to.pdf>]
Chapter 6.
) (./chapters/conclusion.tex [30

]
Chapter 7.
) [31

] (./Report.bbl [32

]) [33] [34


]
Appendix A.
[35

] (./Report.aux) ) 
Here is how much of TeX's memory you used:
 6561 strings out of 493315
 102312 string characters out of 6137904
 181808 words of memory out of 5000000
 9854 multiletter control sequences out of 15000+600000
 11480 words of font info for 41 fonts, out of 8000000 for 9000
 957 hyphenation exceptions out of 8191
 38i,11n,58p,1408b,455s stack positions out of 5000i,500n,10000p,200000b,80000s
</usr/local/texlive/2013/texmf-dist/fonts/type1/public/amsfon
ts/cm/cmbx12.pfb></usr/local/texlive/2013/texmf-dist/fonts/type1/public/amsfont
s/cm/cmex10.pfb></usr/local/texlive/2013/texmf-dist/fonts/type1/public/amsfonts
/cm/cmmi12.pfb></usr/local/texlive/2013/texmf-dist/fonts/type1/public/amsfonts/
cm/cmmi8.pfb></usr/local/texlive/2013/texmf-dist/fonts/type1/public/amsfonts/cm
/cmr10.pfb></usr/local/texlive/2013/texmf-dist/fonts/type1/public/amsfonts/cm/c
mr12.pfb></usr/local/texlive/2013/texmf-dist/fonts/type1/public/amsfonts/cm/cmr
17.pfb></usr/local/texlive/2013/texmf-dist/fonts/type1/public/amsfonts/cm/cmr8.
pfb></usr/local/texlive/2013/texmf-dist/fonts/type1/public/amsfonts/cm/cmssbx10
.pfb></usr/local/texlive/2013/texmf-dist/fonts/type1/public/amsfonts/cm/cmsy10.
pfb></usr/local/texlive/2013/texmf-dist/fonts/type1/public/amsfonts/cm/cmsy6.pf
b></usr/local/texlive/2013/texmf-dist/fonts/type1/public/amsfonts/cm/cmsy8.pfb>
</usr/local/texlive/2013/texmf-dist/fonts/type1/public/amsfonts/cm/cmti12.pfb>
Output written on Report.pdf (46 pages, 732501 bytes).
PDF statistics:
 361 PDF objects out of 1000 (max. 8388607)
 247 compressed objects within 3 object streams
 0 named destinations out of 1000 (max. 500000)
 131 words of extra memory for PDF output out of 10000 (max. 10000000)

